2025-11-06 13:40:19.881 | ERROR    | app:internal_error:54 - Internal Server Error: 500 Internal Server Error: The server encountered an internal error and was unable to complete your request. Either the server is overloaded or there is an error in the application.
2025-11-06 13:40:34.103 | ERROR    | app:internal_error:54 - Internal Server Error: 500 Internal Server Error: The server encountered an internal error and was unable to complete your request. Either the server is overloaded or there is an error in the application.
2025-11-06 13:41:26.942 | INFO     | app:contact:78 - New contact form submission:
Name: Роман
Email: romanchupirchuk@gmail.com
Phone: +380971375449
Subject: support
Message: err 505...
2025-11-06 13:58:25.747 | ERROR    | app:internal_error:54 - Internal Server Error: 500 Internal Server Error: The server encountered an internal error and was unable to complete your request. Either the server is overloaded or there is an error in the application.
2025-11-06 13:58:45.160 | INFO     | app:contact:78 - New contact form submission:
Name: Роман
Email: roman.chupyrchuk.23@pnu.edu.ua
Phone: +380971375449
Subject: support
Message: err...
2025-11-06 14:00:17.929 | ERROR    | app:internal_error:54 - Internal Server Error: 500 Internal Server Error: The server encountered an internal error and was unable to complete your request. Either the server is overloaded or there is an error in the application.
2025-11-06 14:00:19.510 | ERROR    | app:internal_error:54 - Internal Server Error: 500 Internal Server Error: The server encountered an internal error and was unable to complete your request. Either the server is overloaded or there is an error in the application.
2025-11-06 14:00:24.017 | ERROR    | app:internal_error:54 - Internal Server Error: 500 Internal Server Error: The server encountered an internal error and was unable to complete your request. Either the server is overloaded or there is an error in the application.
2025-11-06 14:00:24.835 | ERROR    | app:internal_error:54 - Internal Server Error: 500 Internal Server Error: The server encountered an internal error and was unable to complete your request. Either the server is overloaded or there is an error in the application.
2025-11-06 14:00:32.292 | ERROR    | app:internal_error:54 - Internal Server Error: 500 Internal Server Error: The server encountered an internal error and was unable to complete your request. Either the server is overloaded or there is an error in the application.
2025-11-06 14:07:49.505 | ERROR    | app:internal_error:56 - Internal Server Error: 500 Internal Server Error: The server encountered an internal error and was unable to complete your request. Either the server is overloaded or there is an error in the application.
2025-11-06 14:07:51.482 | ERROR    | app:internal_error:56 - Internal Server Error: 500 Internal Server Error: The server encountered an internal error and was unable to complete your request. Either the server is overloaded or there is an error in the application.
2025-11-06 14:07:51.681 | ERROR    | app:internal_error:56 - Internal Server Error: 500 Internal Server Error: The server encountered an internal error and was unable to complete your request. Either the server is overloaded or there is an error in the application.
2025-11-06 14:07:51.850 | ERROR    | app:internal_error:56 - Internal Server Error: 500 Internal Server Error: The server encountered an internal error and was unable to complete your request. Either the server is overloaded or there is an error in the application.
2025-11-06 14:07:52.032 | ERROR    | app:internal_error:56 - Internal Server Error: 500 Internal Server Error: The server encountered an internal error and was unable to complete your request. Either the server is overloaded or there is an error in the application.
2025-11-06 14:11:43.519 | ERROR    | app:internal_error:56 - Internal Server Error: 500 Internal Server Error: The server encountered an internal error and was unable to complete your request. Either the server is overloaded or there is an error in the application.
2025-11-06 14:13:41.611 | ERROR    | app:internal_error:56 - Internal Server Error: 500 Internal Server Error: The server encountered an internal error and was unable to complete your request. Either the server is overloaded or there is an error in the application.
2025-11-06 14:14:04.556 | ERROR    | app:internal_error:56 - Internal Server Error: 500 Internal Server Error: The server encountered an internal error and was unable to complete your request. Either the server is overloaded or there is an error in the application.
2025-11-06 14:14:08.375 | ERROR    | app:internal_error:56 - Internal Server Error: 500 Internal Server Error: The server encountered an internal error and was unable to complete your request. Either the server is overloaded or there is an error in the application.
2025-11-08 21:55:11.586 | ERROR    | app:internal_error:58 - Internal Server Error: 500 Internal Server Error: The server encountered an internal error and was unable to complete your request. Either the server is overloaded or there is an error in the application.
2025-11-08 21:55:16.037 | ERROR    | app:internal_error:58 - Internal Server Error: 500 Internal Server Error: The server encountered an internal error and was unable to complete your request. Either the server is overloaded or there is an error in the application.
2025-11-08 21:55:17.021 | ERROR    | app:internal_error:58 - Internal Server Error: 500 Internal Server Error: The server encountered an internal error and was unable to complete your request. Either the server is overloaded or there is an error in the application.
2025-11-08 21:55:17.938 | ERROR    | app:internal_error:58 - Internal Server Error: 500 Internal Server Error: The server encountered an internal error and was unable to complete your request. Either the server is overloaded or there is an error in the application.
2025-11-08 21:55:19.522 | ERROR    | app:internal_error:58 - Internal Server Error: 500 Internal Server Error: The server encountered an internal error and was unable to complete your request. Either the server is overloaded or there is an error in the application.
2025-11-08 21:55:21.070 | ERROR    | app:internal_error:58 - Internal Server Error: 500 Internal Server Error: The server encountered an internal error and was unable to complete your request. Either the server is overloaded or there is an error in the application.
2025-11-08 21:55:31.549 | ERROR    | app:internal_error:58 - Internal Server Error: 500 Internal Server Error: The server encountered an internal error and was unable to complete your request. Either the server is overloaded or there is an error in the application.
2025-11-08 21:55:32.695 | ERROR    | app:internal_error:58 - Internal Server Error: 500 Internal Server Error: The server encountered an internal error and was unable to complete your request. Either the server is overloaded or there is an error in the application.
2025-11-08 21:55:33.141 | ERROR    | app:internal_error:58 - Internal Server Error: 500 Internal Server Error: The server encountered an internal error and was unable to complete your request. Either the server is overloaded or there is an error in the application.
2025-11-08 21:55:33.465 | ERROR    | app:internal_error:58 - Internal Server Error: 500 Internal Server Error: The server encountered an internal error and was unable to complete your request. Either the server is overloaded or there is an error in the application.
2025-11-08 21:59:40.378 | ERROR    | app:internal_error:58 - Internal Server Error: 500 Internal Server Error: The server encountered an internal error and was unable to complete your request. Either the server is overloaded or there is an error in the application.
2025-11-08 22:05:15.128 | ERROR    | app:internal_error:58 - Internal Server Error: 500 Internal Server Error: The server encountered an internal error and was unable to complete your request. Either the server is overloaded or there is an error in the application.
2025-11-08 22:05:18.735 | ERROR    | app:internal_error:58 - Internal Server Error: 500 Internal Server Error: The server encountered an internal error and was unable to complete your request. Either the server is overloaded or there is an error in the application.
2025-11-08 22:06:09.836 | ERROR    | app:internal_error:58 - Internal Server Error: 500 Internal Server Error: The server encountered an internal error and was unable to complete your request. Either the server is overloaded or there is an error in the application.
2025-11-08 22:06:11.732 | ERROR    | app:internal_error:58 - Internal Server Error: 500 Internal Server Error: The server encountered an internal error and was unable to complete your request. Either the server is overloaded or there is an error in the application.
2025-11-08 22:07:20.485 | ERROR    | app:internal_error:58 - Internal Server Error: 500 Internal Server Error: The server encountered an internal error and was unable to complete your request. Either the server is overloaded or there is an error in the application.
2025-11-08 22:07:24.627 | ERROR    | app:internal_error:58 - Internal Server Error: 500 Internal Server Error: The server encountered an internal error and was unable to complete your request. Either the server is overloaded or there is an error in the application.
2025-11-08 22:07:26.075 | ERROR    | app:internal_error:58 - Internal Server Error: 500 Internal Server Error: The server encountered an internal error and was unable to complete your request. Either the server is overloaded or there is an error in the application.
2025-11-08 22:16:05.086 | ERROR    | app:internal_error:58 - Internal Server Error: 500 Internal Server Error: The server encountered an internal error and was unable to complete your request. Either the server is overloaded or there is an error in the application.
2025-11-08 22:16:35.174 | ERROR    | app:internal_error:58 - Internal Server Error: 500 Internal Server Error: The server encountered an internal error and was unable to complete your request. Either the server is overloaded or there is an error in the application.
2025-11-08 22:16:37.207 | ERROR    | app:internal_error:58 - Internal Server Error: 500 Internal Server Error: The server encountered an internal error and was unable to complete your request. Either the server is overloaded or there is an error in the application.
2025-11-08 22:42:44.202 | ERROR    | app:internal_error:50 - Internal Server Error: 500 Internal Server Error: The server encountered an internal error and was unable to complete your request. Either the server is overloaded or there is an error in the application.
2025-11-08 22:42:44.978 | ERROR    | app:internal_error:50 - Internal Server Error: 500 Internal Server Error: The server encountered an internal error and was unable to complete your request. Either the server is overloaded or there is an error in the application.
2025-11-08 23:02:17.132 | ERROR    | app:internal_error:50 - Internal Server Error: 500 Internal Server Error: The server encountered an internal error and was unable to complete your request. Either the server is overloaded or there is an error in the application.
2025-11-08 23:02:39.295 | ERROR    | app:internal_error:50 - Internal Server Error: 500 Internal Server Error: The server encountered an internal error and was unable to complete your request. Either the server is overloaded or there is an error in the application.
2025-11-08 23:02:40.559 | ERROR    | app:internal_error:50 - Internal Server Error: 500 Internal Server Error: The server encountered an internal error and was unable to complete your request. Either the server is overloaded or there is an error in the application.
2025-11-08 23:02:58.801 | ERROR    | app:internal_error:50 - Internal Server Error: 500 Internal Server Error: The server encountered an internal error and was unable to complete your request. Either the server is overloaded or there is an error in the application.
2025-11-08 23:47:11.484 | ERROR    | app:internal_error:50 - Internal Server Error: 500 Internal Server Error: The server encountered an internal error and was unable to complete your request. Either the server is overloaded or there is an error in the application.
2025-11-08 23:47:12.288 | ERROR    | app:internal_error:50 - Internal Server Error: 500 Internal Server Error: The server encountered an internal error and was unable to complete your request. Either the server is overloaded or there is an error in the application.
2025-11-08 23:47:18.991 | ERROR    | app:internal_error:50 - Internal Server Error: 500 Internal Server Error: The server encountered an internal error and was unable to complete your request. Either the server is overloaded or there is an error in the application.
2025-11-08 23:47:20.089 | ERROR    | app:internal_error:50 - Internal Server Error: 500 Internal Server Error: The server encountered an internal error and was unable to complete your request. Either the server is overloaded or there is an error in the application.
2025-11-26 16:59:53.253 | ERROR    | app:internal_error:60 - Internal Server Error: 500 Internal Server Error: The server encountered an internal error and was unable to complete your request. Either the server is overloaded or there is an error in the application.
2025-11-26 16:59:53.253 | ERROR    | app:internal_error:60 - Internal Server Error: 500 Internal Server Error: The server encountered an internal error and was unable to complete your request. Either the server is overloaded or there is an error in the application.
2025-11-26 16:59:57.437 | ERROR    | app:internal_error:60 - Internal Server Error: 500 Internal Server Error: The server encountered an internal error and was unable to complete your request. Either the server is overloaded or there is an error in the application.
2025-11-26 16:59:57.437 | ERROR    | app:internal_error:60 - Internal Server Error: 500 Internal Server Error: The server encountered an internal error and was unable to complete your request. Either the server is overloaded or there is an error in the application.
2025-11-26 17:01:53.280 | ERROR    | app:internal_error:60 - Internal Server Error: 500 Internal Server Error: The server encountered an internal error and was unable to complete your request. Either the server is overloaded or there is an error in the application.
2025-11-26 17:01:53.280 | ERROR    | app:internal_error:60 - Internal Server Error: 500 Internal Server Error: The server encountered an internal error and was unable to complete your request. Either the server is overloaded or there is an error in the application.
2025-11-26 17:07:04.514 | ERROR    | app:internal_error:60 - Internal Server Error: 500 Internal Server Error: The server encountered an internal error and was unable to complete your request. Either the server is overloaded or there is an error in the application.
2025-11-26 17:07:04.514 | ERROR    | app:internal_error:60 - Internal Server Error: 500 Internal Server Error: The server encountered an internal error and was unable to complete your request. Either the server is overloaded or there is an error in the application.
2025-11-26 17:07:48.519 | ERROR    | app:internal_error:60 - Internal Server Error: 500 Internal Server Error: The server encountered an internal error and was unable to complete your request. Either the server is overloaded or there is an error in the application.
2025-11-26 17:07:48.519 | ERROR    | app:internal_error:60 - Internal Server Error: 500 Internal Server Error: The server encountered an internal error and was unable to complete your request. Either the server is overloaded or there is an error in the application.
2025-11-26 17:07:58.255 | ERROR    | app:internal_error:60 - Internal Server Error: 500 Internal Server Error: The server encountered an internal error and was unable to complete your request. Either the server is overloaded or there is an error in the application.
2025-11-26 17:07:58.255 | ERROR    | app:internal_error:60 - Internal Server Error: 500 Internal Server Error: The server encountered an internal error and was unable to complete your request. Either the server is overloaded or there is an error in the application.
2025-11-26 17:08:11.788 | ERROR    | app:internal_error:60 - Internal Server Error: 500 Internal Server Error: The server encountered an internal error and was unable to complete your request. Either the server is overloaded or there is an error in the application.
2025-11-26 17:08:11.788 | ERROR    | app:internal_error:60 - Internal Server Error: 500 Internal Server Error: The server encountered an internal error and was unable to complete your request. Either the server is overloaded or there is an error in the application.
2025-11-26 17:41:03.870 | ERROR    | app:internal_error:60 - Internal Server Error: 500 Internal Server Error: The server encountered an internal error and was unable to complete your request. Either the server is overloaded or there is an error in the application.
2025-11-26 17:41:03.870 | ERROR    | app:internal_error:60 - Internal Server Error: 500 Internal Server Error: The server encountered an internal error and was unable to complete your request. Either the server is overloaded or there is an error in the application.
2025-11-26 17:41:07.141 | ERROR    | app:internal_error:60 - Internal Server Error: 500 Internal Server Error: The server encountered an internal error and was unable to complete your request. Either the server is overloaded or there is an error in the application.
2025-11-26 17:41:07.141 | ERROR    | app:internal_error:60 - Internal Server Error: 500 Internal Server Error: The server encountered an internal error and was unable to complete your request. Either the server is overloaded or there is an error in the application.
2025-11-26 17:55:44.515 | ERROR    | app:internal_error:60 - Internal Server Error: 500 Internal Server Error: The server encountered an internal error and was unable to complete your request. Either the server is overloaded or there is an error in the application.
2025-11-26 17:55:44.515 | ERROR    | app:internal_error:60 - Internal Server Error: 500 Internal Server Error: The server encountered an internal error and was unable to complete your request. Either the server is overloaded or there is an error in the application.
2025-11-26 18:12:41.770 | ERROR    | app:internal_error:60 - Internal Server Error: 500 Internal Server Error: The server encountered an internal error and was unable to complete your request. Either the server is overloaded or there is an error in the application.
2025-11-26 18:12:41.770 | ERROR    | app:internal_error:60 - Internal Server Error: 500 Internal Server Error: The server encountered an internal error and was unable to complete your request. Either the server is overloaded or there is an error in the application.
